<?xml version="1.0" encoding="UTF-8"?>
<testng-results skipped="0" failed="1" ignored="0" total="1" passed="0">
  <reporter-output>
  </reporter-output>
  <suite name="Suite" duration-ms="13173" started-at="2019-03-26T06:21:58Z" finished-at="2019-03-26T06:22:11Z">
    <groups>
    </groups>
    <test name="Test" duration-ms="13173" started-at="2019-03-26T06:21:58Z" finished-at="2019-03-26T06:22:11Z">
      <class name="jenkins01.NewTest">
        <test-method status="PASS" signature="beforeMethod()[pri:0, instance:jenkins01.NewTest@456c6746]" name="beforeMethod" is-config="true" duration-ms="5525" started-at="2019-03-26T06:21:58Z" finished-at="2019-03-26T06:22:03Z">
          <reporter-output>
          </reporter-output>
        </test-method> <!-- beforeMethod -->
        <test-method status="FAIL" signature="f()[pri:0, instance:jenkins01.NewTest@456c6746]" name="f" duration-ms="2348" started-at="2019-03-26T06:22:03Z" finished-at="2019-03-26T06:22:06Z">
          <exception class="org.openqa.selenium.NoSuchElementException">
            <message>
              <![CDATA[no such element: Unable to locate element: {"method":"id","selector":"kw"}
  (Session info: chrome=70.0.3538.110)
  (Driver info: chromedriver=2.44.609538 (b655c5a60b0b544917107a59d4153d4bf78e1b90),platform=Windows NT 10.0.15063 x86_64) (WARNING: The server did not provide any stacktrace information)
Command duration or timeout: 17 milliseconds
For documentation on this error, please visit: http://seleniumhq.org/exceptions/no_such_element.html
Build info: version: '2.53.0', revision: '35ae25b', time: '2016-03-15 17:00:58'
System info: host: 'WK2HFPL4XQJ9XGJ', ip: '192.168.193.1', os.name: 'Windows 8.1', os.arch: 'amd64', os.version: '6.3', java.version: '1.7.0_75'
*** Element info: {Using=id, value=kw}
Session ID: 70bb8812fe90f69dba4b2ddf9e6f413d
Driver info: org.openqa.selenium.chrome.ChromeDriver
Capabilities [{platform=WIN8_1, javascriptEnabled=true, acceptSslCerts=false, browserName=chrome, chrome={userDataDir=C:\Users\ADMINI~1\AppData\Local\Temp\scoped_dir21296_20496, chromedriverVersion=2.44.609538 (b655c5a60b0b544917107a59d4153d4bf78e1b90)}, networkConnectionEnabled=false, unexpectedAlertBehaviour=ignore, rotatable=false, locationContextEnabled=true, mobileEmulationEnabled=false, setWindowRect=true, goog:chromeOptions={debuggerAddress=localhost:62118}, version=70.0.3538.110, pageLoadStrategy=normal, takesHeapSnapshot=true, databaseEnabled=false, cssSelectorsEnabled=true, handlesAlerts=true, browserConnectionEnabled=false, nativeEvents=true, webStorageEnabled=true, hasTouchScreen=false, applicationCacheEnabled=false, takesScreenshot=true, acceptInsecureCerts=false}]]]>
            </message>
            <full-stacktrace>
              <![CDATA[org.openqa.selenium.NoSuchElementException: no such element: Unable to locate element: {"method":"id","selector":"kw"}
  (Session info: chrome=70.0.3538.110)
  (Driver info: chromedriver=2.44.609538 (b655c5a60b0b544917107a59d4153d4bf78e1b90),platform=Windows NT 10.0.15063 x86_64) (WARNING: The server did not provide any stacktrace information)
Command duration or timeout: 17 milliseconds
For documentation on this error, please visit: http://seleniumhq.org/exceptions/no_such_element.html
Build info: version: '2.53.0', revision: '35ae25b', time: '2016-03-15 17:00:58'
System info: host: 'WK2HFPL4XQJ9XGJ', ip: '192.168.193.1', os.name: 'Windows 8.1', os.arch: 'amd64', os.version: '6.3', java.version: '1.7.0_75'
*** Element info: {Using=id, value=kw}
Session ID: 70bb8812fe90f69dba4b2ddf9e6f413d
Driver info: org.openqa.selenium.chrome.ChromeDriver
Capabilities [{platform=WIN8_1, javascriptEnabled=true, acceptSslCerts=false, browserName=chrome, chrome={userDataDir=C:\Users\ADMINI~1\AppData\Local\Temp\scoped_dir21296_20496, chromedriverVersion=2.44.609538 (b655c5a60b0b544917107a59d4153d4bf78e1b90)}, networkConnectionEnabled=false, unexpectedAlertBehaviour=ignore, rotatable=false, locationContextEnabled=true, mobileEmulationEnabled=false, setWindowRect=true, goog:chromeOptions={debuggerAddress=localhost:62118}, version=70.0.3538.110, pageLoadStrategy=normal, takesHeapSnapshot=true, databaseEnabled=false, cssSelectorsEnabled=true, handlesAlerts=true, browserConnectionEnabled=false, nativeEvents=true, webStorageEnabled=true, hasTouchScreen=false, applicationCacheEnabled=false, takesScreenshot=true, acceptInsecureCerts=false}]
at sun.reflect.NativeConstructorAccessorImpl.newInstance0(Native Method)
at sun.reflect.NativeConstructorAccessorImpl.newInstance(Unknown Source)
at sun.reflect.DelegatingConstructorAccessorImpl.newInstance(Unknown Source)
at java.lang.reflect.Constructor.newInstance(Unknown Source)
at org.openqa.selenium.remote.ErrorHandler.createThrowable(ErrorHandler.java:206)
at org.openqa.selenium.remote.ErrorHandler.throwIfResponseFailed(ErrorHandler.java:158)
at org.openqa.selenium.remote.RemoteWebDriver.execute(RemoteWebDriver.java:678)
at org.openqa.selenium.remote.RemoteWebDriver.findElement(RemoteWebDriver.java:363)
at org.openqa.selenium.remote.RemoteWebDriver.findElementById(RemoteWebDriver.java:413)
at org.openqa.selenium.By$ById.findElement(By.java:218)
at org.openqa.selenium.remote.RemoteWebDriver.findElement(RemoteWebDriver.java:355)
at jenkins01.NewTest.f(NewTest.java:16)
at sun.reflect.NativeMethodAccessorImpl.invoke0(Native Method)
at sun.reflect.NativeMethodAccessorImpl.invoke(Unknown Source)
at sun.reflect.DelegatingMethodAccessorImpl.invoke(Unknown Source)
at java.lang.reflect.Method.invoke(Unknown Source)
at org.testng.internal.MethodInvocationHelper.invokeMethod(MethodInvocationHelper.java:124)
at org.testng.internal.Invoker.invokeMethod(Invoker.java:580)
at org.testng.internal.Invoker.invokeTestMethod(Invoker.java:716)
at org.testng.internal.Invoker.invokeTestMethods(Invoker.java:988)
at org.testng.internal.TestMethodWorker.invokeTestMethods(TestMethodWorker.java:125)
at org.testng.internal.TestMethodWorker.run(TestMethodWorker.java:109)
at org.testng.TestRunner.privateRun(TestRunner.java:648)
at org.testng.TestRunner.run(TestRunner.java:505)
at org.testng.SuiteRunner.runTest(SuiteRunner.java:455)
at org.testng.SuiteRunner.runSequentially(SuiteRunner.java:450)
at org.testng.SuiteRunner.privateRun(SuiteRunner.java:415)
at org.testng.SuiteRunner.run(SuiteRunner.java:364)
at org.testng.SuiteRunnerWorker.runSuite(SuiteRunnerWorker.java:52)
at org.testng.SuiteRunnerWorker.run(SuiteRunnerWorker.java:84)
at org.testng.TestNG.runSuitesSequentially(TestNG.java:1208)
at org.testng.TestNG.runSuitesLocally(TestNG.java:1137)
at org.testng.TestNG.runSuites(TestNG.java:1049)
at org.testng.TestNG.run(TestNG.java:1017)
at org.testng.remote.AbstractRemoteTestNG.run(AbstractRemoteTestNG.java:114)
at org.testng.remote.RemoteTestNG.initAndRun(RemoteTestNG.java:251)
at org.testng.remote.RemoteTestNG.main(RemoteTestNG.java:77)
]]>
            </full-stacktrace>
          </exception> <!-- org.openqa.selenium.NoSuchElementException -->
          <reporter-output>
          </reporter-output>
        </test-method> <!-- f -->
        <test-method status="PASS" signature="afterMethod()[pri:0, instance:jenkins01.NewTest@456c6746]" name="afterMethod" is-config="true" duration-ms="5110" started-at="2019-03-26T06:22:06Z" finished-at="2019-03-26T06:22:11Z">
          <reporter-output>
          </reporter-output>
        </test-method> <!-- afterMethod -->
      </class> <!-- jenkins01.NewTest -->
    </test> <!-- Test -->
  </suite> <!-- Suite -->
</testng-results>
